<?xml version="1.0" encoding="UTF-8"?>
<!-- Generated by org.testng.reporters.JUnitXMLReporter -->
<testsuite ignored="0" hostname="vandana" failures="1" tests="1" name="Test" time="0.089" errors="0" timestamp="2023-11-13T10:17:13 IST">
  <testcase classname="testNgPractice.ListenerClass" name="sample" time="0.022">
    <failure type="java.lang.AssertionError">
      <![CDATA[java.lang.AssertionError
at org.junit.Assert.fail(Assert.java:86)
at org.junit.Assert.assertTrue(Assert.java:41)
at org.junit.Assert.assertFalse(Assert.java:64)
at org.junit.Assert.assertFalse(Assert.java:74)
at testNgPractice.ListenerClass.sample(ListenerClass.java:13)
at java.base/java.util.ArrayList.forEach(ArrayList.java:1511)
... Removed 27 stack frames]]>
    </failure>
  </testcase> <!-- sample -->
</testsuite> <!-- Test -->
